<?xml version="1.0" encoding="UTF-8"?>
<testng-results skipped="0" failed="0" total="4" passed="4">
  <reporter-output>
  </reporter-output>
  <suite name="Suite" duration-ms="1436" started-at="2017-05-24T02:51:33Z" finished-at="2017-05-24T02:51:35Z">
    <groups>
    </groups>
    <test name="Test" duration-ms="1436" started-at="2017-05-24T02:51:33Z" finished-at="2017-05-24T02:51:35Z">
      <class name="com.Tests.TestBaseTwo">
        <test-method status="PASS" signature="Deregister()[pri:0, instance:com.Tests.TestBaseTwo@e25b2fe]" name="Deregister" duration-ms="899" started-at="2017-05-24T08:21:34Z" finished-at="2017-05-24T08:21:34Z">
          <reporter-output>
          </reporter-output>
        </test-method> <!-- Deregister -->
        <test-method status="PASS" signature="Onboarding()[pri:0, instance:com.Tests.TestBaseTwo@e25b2fe]" name="Onboarding" duration-ms="160" started-at="2017-05-24T08:21:34Z" finished-at="2017-05-24T08:21:35Z">
          <reporter-output>
          </reporter-output>
        </test-method> <!-- Onboarding -->
      </class> <!-- com.Tests.TestBaseTwo -->
      <class name="com.Tests.TestBaseOne">
        <test-method status="PASS" signature="setup()[pri:0, instance:com.Tests.TestBaseOne@204f30ec]" name="setup" is-config="true" duration-ms="3" started-at="2017-05-24T08:21:35Z" finished-at="2017-05-24T08:21:35Z">
          <reporter-output>
          </reporter-output>
        </test-method> <!-- setup -->
        <test-method status="PASS" signature="Registration()[pri:1, instance:com.Tests.TestBaseOne@204f30ec]" name="Registration" duration-ms="206" started-at="2017-05-24T08:21:35Z" finished-at="2017-05-24T08:21:35Z">
          <reporter-output>
          </reporter-output>
        </test-method> <!-- Registration -->
        <test-method status="PASS" signature="ProductBook()[pri:2, instance:com.Tests.TestBaseOne@204f30ec]" name="ProductBook" duration-ms="126" started-at="2017-05-24T08:21:35Z" finished-at="2017-05-24T08:21:35Z">
          <reporter-output>
          </reporter-output>
        </test-method> <!-- ProductBook -->
      </class> <!-- com.Tests.TestBaseOne -->
    </test> <!-- Test -->
  </suite> <!-- Suite -->
</testng-results>
